<?xml version="1.0" encoding="utf-8"?><testsuites name="pytest tests"><testsuite name="pytest" errors="0" failures="0" skipped="0" tests="34" time="34.157" timestamp="2026-05-15T18:48:57.639058+00:00" hostname="agent-env-152cc93d-3683-40f1-b605-58b197927f2e"><testcase classname="backend.tests.test_appointments_and_notifications.TestSlots" name="test_slots_default_5" time="0.520" /><testcase classname="backend.tests.test_appointments_and_notifications.TestSlots" name="test_slots_specialty_fallback" time="0.102" /><testcase classname="backend.tests.test_appointments_and_notifications.TestSlots" name="test_slots_count_validation" time="0.366" /><testcase classname="backend.tests.test_appointments_and_notifications.TestSlots" name="test_slots_requires_patient" time="0.431" /><testcase classname="backend.tests.test_appointments_and_notifications.TestAppointmentE2E" name="test_01_login" time="0.717" /><testcase classname="backend.tests.test_appointments_and_notifications.TestAppointmentE2E" name="test_02_triage" time="7.223" /><testcase classname="backend.tests.test_appointments_and_notifications.TestAppointmentE2E" name="test_03_create_case" time="0.069" /><testcase classname="backend.tests.test_appointments_and_notifications.TestAppointmentE2E" name="test_04_fetch_slots" time="0.096" /><testcase classname="backend.tests.test_appointments_and_notifications.TestAppointmentE2E" name="test_05_book_invalid_mode" time="0.064" /><testcase classname="backend.tests.test_appointments_and_notifications.TestAppointmentE2E" name="test_06_book_appointment" time="0.072" /><testcase classname="backend.tests.test_appointments_and_notifications.TestAppointmentE2E" name="test_07_duplicate_slot_409" time="0.072" /><testcase classname="backend.tests.test_appointments_and_notifications.TestAppointmentE2E" name="test_08_case_flow_scheduled" time="0.075" /><testcase classname="backend.tests.test_appointments_and_notifications.TestAppointmentE2E" name="test_09_pay" time="0.076" /><testcase classname="backend.tests.test_appointments_and_notifications.TestAppointmentE2E" name="test_10_verify_payment_case_scheduled" time="0.141" /><testcase classname="backend.tests.test_appointments_and_notifications.TestAppointmentE2E" name="test_11_doctor_notified_appointment_booked" time="0.567" /><testcase classname="backend.tests.test_appointments_and_notifications.TestAppointmentE2E" name="test_12_mine_rbac" time="0.149" /><testcase classname="backend.tests.test_appointments_and_notifications.TestAppointmentE2E" name="test_13_get_appointment_rbac" time="0.146" /><testcase classname="backend.tests.test_appointments_and_notifications.TestAppointmentE2E" name="test_14_pending_doctor_cannot_start" time="0.473" /><testcase classname="backend.tests.test_appointments_and_notifications.TestAppointmentE2E" name="test_15_doctor_starts_appointment" time="0.067" /><testcase classname="backend.tests.test_appointments_and_notifications.TestAppointmentE2E" name="test_16_patient_notified_appointment_starting" time="0.568" /><testcase classname="backend.tests.test_appointments_and_notifications.TestAppointmentE2E" name="test_17_start_again_idempotent" time="0.060" /><testcase classname="backend.tests.test_appointments_and_notifications.TestAppointmentE2E" name="test_18_case_in_consultation" time="0.068" /><testcase classname="backend.tests.test_appointments_and_notifications.TestAppointmentE2E" name="test_19_doctor_prescription_and_complete" time="7.288" /><testcase classname="backend.tests.test_appointments_and_notifications.TestAppointmentE2E" name="test_20_appointment_completed" time="0.062" /><testcase classname="backend.tests.test_appointments_and_notifications.TestAppointmentE2E" name="test_21_patient_notified_care_plan_ready" time="0.579" /><testcase classname="backend.tests.test_appointments_and_notifications.TestAppointmentE2E" name="test_22_mark_one_read" time="0.194" /><testcase classname="backend.tests.test_appointments_and_notifications.TestAppointmentE2E" name="test_23_mark_all_read" time="0.131" /><testcase classname="backend.tests.test_appointments_and_notifications.TestAppointmentE2E" name="test_24_cannot_cancel_completed" time="0.070" /><testcase classname="backend.tests.test_appointments_and_notifications.TestCancelFlow" name="test_01_setup_appt" time="12.651" /><testcase classname="backend.tests.test_appointments_and_notifications.TestCancelFlow" name="test_02_patient_cancels" time="0.071" /><testcase classname="backend.tests.test_appointments_and_notifications.TestCancelFlow" name="test_03_doctor_notified_cancel" time="0.563" /><testcase classname="backend.tests.test_appointments_and_notifications.TestCancelFlow" name="test_04_cannot_cancel_twice" time="0.069" /><testcase classname="backend.tests.test_appointments_and_notifications.TestNotificationsAuth" name="test_requires_auth" time="0.194" /><testcase classname="backend.tests.test_appointments_and_notifications.TestNotificationsAuth" name="test_read_nonexistent" time="0.078" /></testsuite></testsuites>