<?xml version="1.0" encoding="utf-8"?><testsuites name="pytest tests"><testsuite name="pytest" errors="0" failures="0" skipped="0" tests="13" time="84.203" timestamp="2026-06-07T13:07:56.645908+00:00" hostname="agent-env-152cc93d-3683-40f1-b605-58b197927f2e"><testcase classname="tests.test_gate3_unlocks" name="test_fresh_patient_sees_six_locked_sections" time="0.689" /><testcase classname="tests.test_gate3_unlocks" name="test_triage_pregnancy_unlocks_womens_health" time="9.216" /><testcase classname="tests.test_gate3_unlocks" name="test_triage_mental_unlocks_mental_wellness" time="9.592" /><testcase classname="tests.test_gate3_unlocks" name="test_save_mental_wellness_after_unlock" time="11.061" /><testcase classname="tests.test_gate3_unlocks" name="test_save_locked_section_returns_403" time="0.513" /><testcase classname="tests.test_gate3_unlocks" name="test_unknown_section_returns_404" time="0.384" /><testcase classname="tests.test_gate3_unlocks" name="test_triage_idempotent_single_unlock_and_notification" time="17.768" /><testcase classname="tests.test_gate3_unlocks" name="test_first_consultation_unlocks_lifestyle_and_healthcare" time="9.721" /><testcase classname="tests.test_gate3_unlocks" name="test_prescription_unlocks_pharmacy_prefs" time="8.417" /><testcase classname="tests.test_gate3_unlocks" name="test_thirty_day_rule_unlocks_family_health_for_chioma" time="0.392" /><testcase classname="tests.test_gate3_unlocks" name="test_section_save_drops_unknown_fields" time="7.476" /><testcase classname="tests.test_gate3_unlocks" name="test_section_unlocked_notification_present" time="8.187" /><testcase classname="tests.test_gate3_unlocks" name="test_doctor_cannot_save_patient_sections" time="0.492" /></testsuite></testsuites>