<?xml version="1.0" encoding="utf-8"?><testsuites name="pytest tests"><testsuite name="pytest" errors="0" failures="0" skipped="0" tests="7" time="3.178" timestamp="2026-06-15T14:51:47.737251+00:00" hostname="agent-env-152cc93d-3683-40f1-b605-58b197927f2e"><testcase classname="backend.tests.test_patient_intake_questionnaire.TestSchema" name="test_patient_intake_schema_v2" time="0.257" /><testcase classname="backend.tests.test_patient_intake_questionnaire.TestSchema" name="test_doctor_onboarding_schema_present" time="0.102" /><testcase classname="backend.tests.test_patient_intake_questionnaire.TestPatientIntakeFlow" name="test_mine_initially_pending_then_completed_and_mirrors" time="0.871" /><testcase classname="backend.tests.test_patient_intake_questionnaire.TestRBAC" name="test_patient_cannot_submit_doctor_onboarding" time="0.518" /><testcase classname="backend.tests.test_patient_intake_questionnaire.TestRBAC" name="test_doctor_onboarding_required_attestations" time="0.525" /><testcase classname="backend.tests.test_patient_intake_questionnaire.TestRegression" name="test_profile_me_works" time="0.448" /><testcase classname="backend.tests.test_patient_intake_questionnaire.TestRegression" name="test_profile_sections_mine_works" time="0.392" /></testsuite></testsuites>