<?xml version="1.0" encoding="utf-8"?><testsuites name="pytest tests"><testsuite name="pytest" errors="0" failures="0" skipped="0" tests="25" time="13.939" timestamp="2026-06-07T13:09:26.125392+00:00" hostname="agent-env-152cc93d-3683-40f1-b605-58b197927f2e"><testcase classname="tests.test_otp_profile" name="test_otp_send_existing_user" time="0.141" /><testcase classname="tests.test_otp_profile" name="test_otp_verify_existing_returns_access_token" time="0.054" /><testcase classname="tests.test_otp_profile" name="test_otp_send_new_user" time="0.057" /><testcase classname="tests.test_otp_profile" name="test_otp_verify_new_user_returns_registration_token" time="0.107" /><testcase classname="tests.test_otp_profile" name="test_register_patient_with_reg_token" time="0.106" /><testcase classname="tests.test_otp_profile" name="test_register_patient_requires_care_delivery_consent" time="0.203" /><testcase classname="tests.test_otp_profile" name="test_register_with_expired_or_invalid_token" time="0.109" /><testcase classname="tests.test_otp_profile" name="test_phone_format_validation[+234801-400]" time="0.126" /><testcase classname="tests.test_otp_profile" name="test_phone_format_validation[08012345678-400]" time="0.105" /><testcase classname="tests.test_otp_profile" name="test_phone_format_validation[+2348012345678-200]" time="0.152" /><testcase classname="tests.test_otp_profile" name="test_profile_me_initial" time="0.196" /><testcase classname="tests.test_otp_profile" name="test_red_flags_questions" time="0.044" /><testcase classname="tests.test_otp_profile" name="test_create_case_blocked_when_gate2_incomplete" time="0.046" /><testcase classname="tests.test_otp_profile" name="test_gate2_save_full_payload" time="0.052" /><testcase classname="tests.test_otp_profile" name="test_profile_events_emitted" time="0.050" /><testcase classname="tests.test_otp_profile" name="test_create_case_allowed_after_gate2" time="0.047" /><testcase classname="tests.test_otp_profile" name="test_consents_require_care_delivery" time="0.044" /><testcase classname="tests.test_otp_profile" name="test_consents_update_ok" time="0.083" /><testcase classname="tests.test_otp_profile" name="test_otp_brute_force_lockout" time="0.491" /><testcase classname="tests.test_otp_profile" name="test_admin_email_login" time="0.329" /><testcase classname="tests.test_otp_profile" name="test_doctor_email_login_and_queue" time="0.375" /><testcase classname="tests.test_otp_profile" name="test_pending_doctor_cannot_access_queue" time="0.375" /><testcase classname="tests.test_iteration5_fixes" name="test_register_three_otp_patients_in_a_row" time="0.668" /><testcase classname="tests.test_iteration5_fixes" name="test_profile_me_signals_non_null_for_fresh_otp_patient" time="0.244" /><testcase classname="tests.test_iteration3_regression" name="test_iteration3_appointment_and_notifications_flow" time="9.547" /></testsuite></testsuites>