<?xml version="1.0" encoding="utf-8"?><testsuites name="pytest tests"><testsuite name="pytest" errors="0" failures="0" skipped="0" tests="2" time="1.004" timestamp="2026-06-05T00:31:56.171206+00:00" hostname="agent-env-152cc93d-3683-40f1-b605-58b197927f2e"><testcase classname="backend.tests.test_iteration5_fixes" name="test_register_three_otp_patients_in_a_row" time="0.644" /><testcase classname="backend.tests.test_iteration5_fixes" name="test_profile_me_signals_non_null_for_fresh_otp_patient" time="0.299" /></testsuite></testsuites>