<?xml version="1.0" encoding="utf-8"?><testsuites name="pytest tests"><testsuite name="pytest" errors="0" failures="1" skipped="0" tests="1" time="0.853" timestamp="2026-06-05T00:32:46.271544+00:00" hostname="agent-env-152cc93d-3683-40f1-b605-58b197927f2e"><testcase classname="backend.tests.test_iteration3_regression" name="test_iteration3_appointment_and_notifications_flow" time="0.772"><failure message="AssertionError: {&quot;detail&quot;:&quot;Please complete your medical essentials (Gate 2) before starting a consultation.&quot;}&#10;assert 412 == 200&#10; +  where 412 = &lt;Response [412]&gt;.status_code">backend/tests/test_iteration3_regression.py:61: in test_iteration3_appointment_and_notifications_flow
    assert rc.status_code == 200, rc.text
E   AssertionError: {"detail":"Please complete your medical essentials (Gate 2) before starting a consultation."}
E   assert 412 == 200
E    +  where 412 = &lt;Response [412]&gt;.status_code</failure></testcase></testsuite></testsuites>