<?xml version="1.0" encoding="utf-8"?><testsuites name="pytest tests"><testsuite name="pytest" errors="4" failures="29" skipped="0" tests="56" time="7.039" timestamp="2026-06-05T00:27:41.930926+00:00" hostname="agent-env-152cc93d-3683-40f1-b605-58b197927f2e"><testcase classname="backend.tests.test_otp_profile" name="test_otp_send_existing_user" time="0.169" /><testcase classname="backend.tests.test_otp_profile" name="test_otp_verify_existing_returns_access_token" time="0.052" /><testcase classname="backend.tests.test_otp_profile" name="test_otp_send_new_user" time="0.048" /><testcase classname="backend.tests.test_otp_profile" name="test_otp_verify_new_user_returns_registration_token" time="0.110" /><testcase classname="backend.tests.test_otp_profile" name="test_register_patient_with_reg_token" time="0.112"><failure message="AssertionError: Internal Server Error&#10;assert 500 == 200&#10; +  where 500 = &lt;Response [500]&gt;.status_code">E   AssertionError: Internal Server Error
    assert 500 == 200
     +  where 500 = &lt;Response [500]&gt;.status_code</failure></testcase><testcase classname="backend.tests.test_otp_profile" name="test_register_patient_requires_care_delivery_consent" time="0.255" /><testcase classname="backend.tests.test_otp_profile" name="test_register_with_expired_or_invalid_token" time="0.117" /><testcase classname="backend.tests.test_otp_profile" name="test_phone_format_validation[+234801-400]" time="0.130" /><testcase classname="backend.tests.test_otp_profile" name="test_phone_format_validation[08012345678-400]" time="0.123" /><testcase classname="backend.tests.test_otp_profile" name="test_phone_format_validation[+2348012345678-200]" time="0.118" /><testcase classname="backend.tests.test_otp_profile" name="test_profile_me_initial" time="0.235" /><testcase classname="backend.tests.test_otp_profile" name="test_red_flags_questions" time="0.057" /><testcase classname="backend.tests.test_otp_profile" name="test_create_case_blocked_when_gate2_incomplete" time="0.053" /><testcase classname="backend.tests.test_otp_profile" name="test_gate2_save_full_payload" time="0.063" /><testcase classname="backend.tests.test_otp_profile" name="test_profile_events_emitted" time="0.054" /><testcase classname="backend.tests.test_otp_profile" name="test_create_case_allowed_after_gate2" time="0.053" /><testcase classname="backend.tests.test_otp_profile" name="test_consents_require_care_delivery" time="0.057" /><testcase classname="backend.tests.test_otp_profile" name="test_consents_update_ok" time="0.054" /><testcase classname="backend.tests.test_otp_profile" name="test_otp_brute_force_lockout" time="0.596" /><testcase classname="backend.tests.test_otp_profile" name="test_admin_email_login" time="0.346" /><testcase classname="backend.tests.test_otp_profile" name="test_doctor_email_login_and_queue" time="0.393" /><testcase classname="backend.tests.test_otp_profile" name="test_pending_doctor_cannot_access_queue" time="0.415" /><testcase classname="backend.tests.test_appointments_and_notifications.TestSlots" name="test_slots_default_5" time="0.110"><error message="failed on setup with &quot;AssertionError: Login failed patient@medinest.africa: 401 {&quot;detail&quot;:&quot;Invalid email or password&quot;}&#10;assert 401 == 200&#10; +  where 401 = &lt;Response [401]&gt;.status_code&quot;">E   AssertionError: Login failed patient@medinest.africa: 401 {"detail":"Invalid email or password"}
    assert 401 == 200
     +  where 401 = &lt;Response [401]&gt;.status_code</error></testcase><testcase classname="backend.tests.test_appointments_and_notifications.TestSlots" name="test_slots_specialty_fallback" time="0.000"><error message="failed on setup with &quot;AssertionError: Login failed patient@medinest.africa: 401 {&quot;detail&quot;:&quot;Invalid email or password&quot;}&#10;assert 401 == 200&#10; +  where 401 = &lt;Response [401]&gt;.status_code&quot;">E   AssertionError: Login failed patient@medinest.africa: 401 {"detail":"Invalid email or password"}
    assert 401 == 200
     +  where 401 = &lt;Response [401]&gt;.status_code</error></testcase><testcase classname="backend.tests.test_appointments_and_notifications.TestSlots" name="test_slots_count_validation" time="0.000"><error message="failed on setup with &quot;AssertionError: Login failed patient@medinest.africa: 401 {&quot;detail&quot;:&quot;Invalid email or password&quot;}&#10;assert 401 == 200&#10; +  where 401 = &lt;Response [401]&gt;.status_code&quot;">E   AssertionError: Login failed patient@medinest.africa: 401 {"detail":"Invalid email or password"}
    assert 401 == 200
     +  where 401 = &lt;Response [401]&gt;.status_code</error></testcase><testcase classname="backend.tests.test_appointments_and_notifications.TestSlots" name="test_slots_requires_patient" time="0.383" /><testcase classname="backend.tests.test_appointments_and_notifications.TestAppointmentE2E" name="test_01_login" time="0.114"><failure message="AssertionError: Login failed patient@medinest.africa: 401 {&quot;detail&quot;:&quot;Invalid email or password&quot;}&#10;assert 401 == 200&#10; +  where 401 = &lt;Response [401]&gt;.status_code">E   AssertionError: Login failed patient@medinest.africa: 401 {"detail":"Invalid email or password"}
    assert 401 == 200
     +  where 401 = &lt;Response [401]&gt;.status_code</failure></testcase><testcase classname="backend.tests.test_appointments_and_notifications.TestAppointmentE2E" name="test_02_triage" time="0.000"><failure message="KeyError: 'patient_s'">E   KeyError: 'patient_s'</failure></testcase><testcase classname="backend.tests.test_appointments_and_notifications.TestAppointmentE2E" name="test_03_create_case" time="0.000"><failure message="KeyError: 'patient_s'">E   KeyError: 'patient_s'</failure></testcase><testcase classname="backend.tests.test_appointments_and_notifications.TestAppointmentE2E" name="test_04_fetch_slots" time="0.000"><failure message="KeyError: 'patient_s'">E   KeyError: 'patient_s'</failure></testcase><testcase classname="backend.tests.test_appointments_and_notifications.TestAppointmentE2E" name="test_05_book_invalid_mode" time="0.001"><failure message="KeyError: 'patient_s'">E   KeyError: 'patient_s'</failure></testcase><testcase classname="backend.tests.test_appointments_and_notifications.TestAppointmentE2E" name="test_06_book_appointment" time="0.000"><failure message="KeyError: 'patient_s'">E   KeyError: 'patient_s'</failure></testcase><testcase classname="backend.tests.test_appointments_and_notifications.TestAppointmentE2E" name="test_07_duplicate_slot_409" time="0.000"><failure message="KeyError: 'patient_s'">E   KeyError: 'patient_s'</failure></testcase><testcase classname="backend.tests.test_appointments_and_notifications.TestAppointmentE2E" name="test_08_case_flow_scheduled" time="0.000"><failure message="KeyError: 'patient_s'">E   KeyError: 'patient_s'</failure></testcase><testcase classname="backend.tests.test_appointments_and_notifications.TestAppointmentE2E" name="test_09_pay" time="0.000"><failure message="KeyError: 'patient_s'">E   KeyError: 'patient_s'</failure></testcase><testcase classname="backend.tests.test_appointments_and_notifications.TestAppointmentE2E" name="test_10_verify_payment_case_scheduled" time="0.000"><failure message="KeyError: 'patient_s'">E   KeyError: 'patient_s'</failure></testcase><testcase classname="backend.tests.test_appointments_and_notifications.TestAppointmentE2E" name="test_11_doctor_notified_appointment_booked" time="0.501"><failure message="KeyError: 'doctor_s'">E   KeyError: 'doctor_s'</failure></testcase><testcase classname="backend.tests.test_appointments_and_notifications.TestAppointmentE2E" name="test_12_mine_rbac" time="0.000"><failure message="KeyError: 'patient_s'">E   KeyError: 'patient_s'</failure></testcase><testcase classname="backend.tests.test_appointments_and_notifications.TestAppointmentE2E" name="test_13_get_appointment_rbac" time="0.000"><failure message="KeyError: 'patient_s'">E   KeyError: 'patient_s'</failure></testcase><testcase classname="backend.tests.test_appointments_and_notifications.TestAppointmentE2E" name="test_14_pending_doctor_cannot_start" time="0.343"><failure message="KeyError: 'appt_id'">E   KeyError: 'appt_id'</failure></testcase><testcase classname="backend.tests.test_appointments_and_notifications.TestAppointmentE2E" name="test_15_doctor_starts_appointment" time="0.000"><failure message="KeyError: 'doctor_s'">E   KeyError: 'doctor_s'</failure></testcase><testcase classname="backend.tests.test_appointments_and_notifications.TestAppointmentE2E" name="test_16_patient_notified_appointment_starting" time="0.501"><failure message="KeyError: 'patient_s'">E   KeyError: 'patient_s'</failure></testcase><testcase classname="backend.tests.test_appointments_and_notifications.TestAppointmentE2E" name="test_17_start_again_idempotent" time="0.000"><failure message="KeyError: 'doctor_s'">E   KeyError: 'doctor_s'</failure></testcase><testcase classname="backend.tests.test_appointments_and_notifications.TestAppointmentE2E" name="test_18_case_in_consultation" time="0.000"><failure message="KeyError: 'patient_s'">E   KeyError: 'patient_s'</failure></testcase><testcase classname="backend.tests.test_appointments_and_notifications.TestAppointmentE2E" name="test_19_doctor_prescription_and_complete" time="0.000"><failure message="KeyError: 'doctor_s'">E   KeyError: 'doctor_s'</failure></testcase><testcase classname="backend.tests.test_appointments_and_notifications.TestAppointmentE2E" name="test_20_appointment_completed" time="0.000"><failure message="KeyError: 'doctor_s'">E   KeyError: 'doctor_s'</failure></testcase><testcase classname="backend.tests.test_appointments_and_notifications.TestAppointmentE2E" name="test_21_patient_notified_care_plan_ready" time="0.500"><failure message="KeyError: 'patient_s'">E   KeyError: 'patient_s'</failure></testcase><testcase classname="backend.tests.test_appointments_and_notifications.TestAppointmentE2E" name="test_22_mark_one_read" time="0.000"><failure message="KeyError: 'patient_s'">E   KeyError: 'patient_s'</failure></testcase><testcase classname="backend.tests.test_appointments_and_notifications.TestAppointmentE2E" name="test_23_mark_all_read" time="0.000"><failure message="KeyError: 'patient_s'">E   KeyError: 'patient_s'</failure></testcase><testcase classname="backend.tests.test_appointments_and_notifications.TestAppointmentE2E" name="test_24_cannot_cancel_completed" time="0.000"><failure message="KeyError: 'patient_s'">E   KeyError: 'patient_s'</failure></testcase><testcase classname="backend.tests.test_appointments_and_notifications.TestCancelFlow" name="test_01_setup_appt" time="0.152"><failure message="AssertionError: Login failed patient@medinest.africa: 401 {&quot;detail&quot;:&quot;Invalid email or password&quot;}&#10;assert 401 == 200&#10; +  where 401 = &lt;Response [401]&gt;.status_code">E   AssertionError: Login failed patient@medinest.africa: 401 {"detail":"Invalid email or password"}
    assert 401 == 200
     +  where 401 = &lt;Response [401]&gt;.status_code</failure></testcase><testcase classname="backend.tests.test_appointments_and_notifications.TestCancelFlow" name="test_02_patient_cancels" time="0.000"><failure message="KeyError: 'patient_s'">E   KeyError: 'patient_s'</failure></testcase><testcase classname="backend.tests.test_appointments_and_notifications.TestCancelFlow" name="test_03_doctor_notified_cancel" time="0.500"><failure message="KeyError: 'doctor_s'">E   KeyError: 'doctor_s'</failure></testcase><testcase classname="backend.tests.test_appointments_and_notifications.TestCancelFlow" name="test_04_cannot_cancel_twice" time="0.000"><failure message="KeyError: 'patient_s'">E   KeyError: 'patient_s'</failure></testcase><testcase classname="backend.tests.test_appointments_and_notifications.TestNotificationsAuth" name="test_requires_auth" time="0.095" /><testcase classname="backend.tests.test_appointments_and_notifications.TestNotificationsAuth" name="test_read_nonexistent" time="0.002"><error message="failed on setup with &quot;AssertionError: Login failed patient@medinest.africa: 401 {&quot;detail&quot;:&quot;Invalid email or password&quot;}&#10;assert 401 == 200&#10; +  where 401 = &lt;Response [401]&gt;.status_code&quot;">E   AssertionError: Login failed patient@medinest.africa: 401 {"detail":"Invalid email or password"}
    assert 401 == 200
     +  where 401 = &lt;Response [401]&gt;.status_code</error></testcase></testsuite></testsuites>